<?xml version="1.0" encoding="UTF-8"?>
<testng-results skipped="4" failed="0" total="4" passed="0">
  <reporter-output>
  </reporter-output>
  <suite name="Default suite" duration-ms="18" started-at="2016-12-22T17:22:53Z" finished-at="2016-12-22T17:22:53Z">
    <groups>
    </groups>
    <test name="Default test" duration-ms="18" started-at="2016-12-22T17:22:53Z" finished-at="2016-12-22T17:22:53Z">
      <class name="nordstrom_auto.Nordstrom_Testng">
        <test-method status="FAIL" signature="openBrowser()[pri:0, instance:nordstrom_auto.Nordstrom_Testng@3b6eb2ec]" name="openBrowser" is-config="true" duration-ms="0" started-at="2016-12-22T22:52:53Z" finished-at="2016-12-22T22:52:53Z">
          <exception class="java.lang.IllegalStateException">
            <message>
              <![CDATA[Path to the driver executable not specified]]>
            </message>
            <full-stacktrace>
              <![CDATA[java.lang.IllegalStateException: Path to the driver executable not specified
	at com.google.common.base.Preconditions.checkState(Preconditions.java:174)
	at org.openqa.selenium.remote.service.DriverService$Builder.build(DriverService.java:294)
	at org.openqa.selenium.chrome.ChromeDriverService.createDefaultService(ChromeDriverService.java:88)
	at org.openqa.selenium.chrome.ChromeDriver.<init>(ChromeDriver.java:116)
	at nordstrom_auto.Nordstrom_Testng.openBrowser(Nordstrom_Testng.java:20)
	at sun.reflect.NativeMethodAccessorImpl.invoke0(Native Method)
	at sun.reflect.NativeMethodAccessorImpl.invoke(Unknown Source)
	at sun.reflect.DelegatingMethodAccessorImpl.invoke(Unknown Source)
	at java.lang.reflect.Method.invoke(Unknown Source)
	at org.testng.internal.MethodInvocationHelper.invokeMethod(MethodInvocationHelper.java:84)
	at org.testng.internal.Invoker.invokeConfigurationMethod(Invoker.java:564)
	at org.testng.internal.Invoker.invokeConfigurations(Invoker.java:213)
	at org.testng.internal.Invoker.invokeConfigurations(Invoker.java:138)
	at org.testng.SuiteRunner.privateRun(SuiteRunner.java:277)
	at org.testng.SuiteRunner.run(SuiteRunner.java:240)
	at org.testng.SuiteRunnerWorker.runSuite(SuiteRunnerWorker.java:52)
	at org.testng.SuiteRunnerWorker.run(SuiteRunnerWorker.java:86)
	at org.testng.TestNG.runSuitesSequentially(TestNG.java:1224)
	at org.testng.TestNG.runSuitesLocally(TestNG.java:1149)
	at org.testng.TestNG.run(TestNG.java:1057)
	at org.testng.remote.RemoteTestNG.run(RemoteTestNG.java:111)
	at org.testng.remote.RemoteTestNG.initAndRun(RemoteTestNG.java:204)
	at org.testng.remote.RemoteTestNG.main(RemoteTestNG.java:175)
]]>
            </full-stacktrace>
          </exception> <!-- java.lang.IllegalStateException -->
          <reporter-output>
          </reporter-output>
        </test-method> <!-- openBrowser -->
        <test-method status="SKIP" signature="app_loading_status()[pri:0, instance:nordstrom_auto.Nordstrom_Testng@3b6eb2ec]" name="app_loading_status" duration-ms="1" started-at="2016-12-22T22:52:53Z" finished-at="2016-12-22T22:52:53Z">
          <reporter-output>
          </reporter-output>
        </test-method> <!-- app_loading_status -->
        <test-method status="SKIP" signature="tagjs_loading_staus()[pri:0, instance:nordstrom_auto.Nordstrom_Testng@3b6eb2ec]" name="tagjs_loading_staus" duration-ms="1" started-at="2016-12-22T22:52:53Z" finished-at="2016-12-22T22:52:53Z">
          <reporter-output>
          </reporter-output>
        </test-method> <!-- tagjs_loading_staus -->
        <test-method status="SKIP" signature="spjs_loading_staus()[pri:0, instance:nordstrom_auto.Nordstrom_Testng@3b6eb2ec]" name="spjs_loading_staus" duration-ms="1" started-at="2016-12-22T22:52:53Z" finished-at="2016-12-22T22:52:53Z">
          <reporter-output>
          </reporter-output>
        </test-method> <!-- spjs_loading_staus -->
        <test-method status="SKIP" signature="coremetricstag_loading_staus()[pri:0, instance:nordstrom_auto.Nordstrom_Testng@3b6eb2ec]" name="coremetricstag_loading_staus" duration-ms="0" started-at="2016-12-22T22:52:53Z" finished-at="2016-12-22T22:52:53Z">
          <reporter-output>
          </reporter-output>
        </test-method> <!-- coremetricstag_loading_staus -->
        <test-method status="SKIP" signature="closeBrowser()[pri:0, instance:nordstrom_auto.Nordstrom_Testng@3b6eb2ec]" name="closeBrowser" is-config="true" duration-ms="0" started-at="2016-12-22T22:52:53Z" finished-at="2016-12-22T22:52:53Z">
          <reporter-output>
          </reporter-output>
        </test-method> <!-- closeBrowser -->
      </class> <!-- nordstrom_auto.Nordstrom_Testng -->
    </test> <!-- Default test -->
  </suite> <!-- Default suite -->
</testng-results>
